[2024-01-31 02:55:40] local.ERROR: filemtime(): stat failed for /Users/chikara/PHP/Movie-app/.env {"exception":"[object] (ErrorException(code: 0): filemtime(): stat failed for /Users/chikara/PHP/Movie-app/.env at /Users/chikara/PHP/Movie-app/vendor/laravel/framework/src/Illuminate/Foundation/Console/ServeCommand.php:99)
[stacktrace]
#0 /Users/chikara/PHP/Movie-app/vendor/laravel/framework/src/Illuminate/Foundation/Bootstrap/HandleExceptions.php(255): Illuminate\\Foundation\\Bootstrap\\HandleExceptions->handleError(2, 'filemtime(): st...', '/Users/chikara/...', 99)
#1 [internal function]: Illuminate\\Foundation\\Bootstrap\\HandleExceptions->Illuminate\\Foundation\\Bootstrap\\{closure}(2, 'filemtime(): st...', '/Users/chikara/...', 99)
#2 /Users/chikara/PHP/Movie-app/vendor/laravel/framework/src/Illuminate/Foundation/Console/ServeCommand.php(99): filemtime('/Users/chikara/...')
#3 /Users/chikara/PHP/Movie-app/vendor/laravel/framework/src/Illuminate/Container/BoundMethod.php(36): Illuminate\\Foundation\\Console\\ServeCommand->handle()
#4 /Users/chikara/PHP/Movie-app/vendor/laravel/framework/src/Illuminate/Container/Util.php(41): Illuminate\\Container\\BoundMethod::Illuminate\\Container\\{closure}()
#5 /Users/chikara/PHP/Movie-app/vendor/laravel/framework/src/Illuminate/Container/BoundMethod.php(93): Illuminate\\Container\\Util::unwrapIfClosure(Object(Closure))
#6 /Users/chikara/PHP/Movie-app/vendor/laravel/framework/src/Illuminate/Container/BoundMethod.php(35): Illuminate\\Container\\BoundMethod::callBoundMethod(Object(Illuminate\\Foundation\\Application), Array, Object(Closure))
#7 /Users/chikara/PHP/Movie-app/vendor/laravel/framework/src/Illuminate/Container/Container.php(662): Illuminate\\Container\\BoundMethod::call(Object(Illuminate\\Foundation\\Application), Array, Array, NULL)
#8 /Users/chikara/PHP/Movie-app/vendor/laravel/framework/src/Illuminate/Console/Command.php(211): Illuminate\\Container\\Container->call(Array)
#9 /Users/chikara/PHP/Movie-app/vendor/symfony/console/Command/Command.php(326): Illuminate\\Console\\Command->execute(Object(Symfony\\Component\\Console\\Input\\ArgvInput), Object(Illuminate\\Console\\OutputStyle))
#10 /Users/chikara/PHP/Movie-app/vendor/laravel/framework/src/Illuminate/Console/Command.php(180): Symfony\\Component\\Console\\Command\\Command->run(Object(Symfony\\Component\\Console\\Input\\ArgvInput), Object(Illuminate\\Console\\OutputStyle))
#11 /Users/chikara/PHP/Movie-app/vendor/symfony/console/Application.php(1096): Illuminate\\Console\\Command->run(Object(Symfony\\Component\\Console\\Input\\ArgvInput), Object(Symfony\\Component\\Console\\Output\\ConsoleOutput))
#12 /Users/chikara/PHP/Movie-app/vendor/symfony/console/Application.php(324): Symfony\\Component\\Console\\Application->doRunCommand(Object(Illuminate\\Foundation\\Console\\ServeCommand), Object(Symfony\\Component\\Console\\Input\\ArgvInput), Object(Symfony\\Component\\Console\\Output\\ConsoleOutput))
#13 /Users/chikara/PHP/Movie-app/vendor/symfony/console/Application.php(175): Symfony\\Component\\Console\\Application->doRun(Object(Symfony\\Component\\Console\\Input\\ArgvInput), Object(Symfony\\Component\\Console\\Output\\ConsoleOutput))
#14 /Users/chikara/PHP/Movie-app/vendor/laravel/framework/src/Illuminate/Foundation/Console/Kernel.php(201): Symfony\\Component\\Console\\Application->run(Object(Symfony\\Component\\Console\\Input\\ArgvInput), Object(Symfony\\Component\\Console\\Output\\ConsoleOutput))
#15 /Users/chikara/PHP/Movie-app/artisan(35): Illuminate\\Foundation\\Console\\Kernel->handle(Object(Symfony\\Component\\Console\\Input\\ArgvInput), Object(Symfony\\Component\\Console\\Output\\ConsoleOutput))
#16 {main}
"} 
[2024-01-31 02:55:40] local.ERROR: include(/Users/chikara/PHP/Movie-app/vendor/composer/../filp/whoops/src/Whoops/Handler/Handler.php): Failed to open stream: No such file or directory {"exception":"[object] (ErrorException(code: 0): include(/Users/chikara/PHP/Movie-app/vendor/composer/../filp/whoops/src/Whoops/Handler/Handler.php): Failed to open stream: No such file or directory at /Users/chikara/PHP/Movie-app/vendor/composer/ClassLoader.php:576)
[stacktrace]
#0 /Users/chikara/PHP/Movie-app/vendor/laravel/framework/src/Illuminate/Foundation/Bootstrap/HandleExceptions.php(255): Illuminate\\Foundation\\Bootstrap\\HandleExceptions->handleError(2, 'include(/Users/...', '/Users/chikara/...', 576)
#1 /Users/chikara/PHP/Movie-app/vendor/composer/ClassLoader.php(576): Illuminate\\Foundation\\Bootstrap\\HandleExceptions->Illuminate\\Foundation\\Bootstrap\\{closure}(2, 'include(/Users/...', '/Users/chikara/...', 576)
#2 /Users/chikara/PHP/Movie-app/vendor/composer/ClassLoader.php(576): include('/Users/chikara/...')
#3 /Users/chikara/PHP/Movie-app/vendor/composer/ClassLoader.php(427): Composer\\Autoload\\{closure}('/Users/chikara/...')
#4 /Users/chikara/PHP/Movie-app/vendor/nunomaduro/collision/src/Handler.php(15): Composer\\Autoload\\ClassLoader->loadClass('Whoops\\\\Handler\\\\...')
#5 /Users/chikara/PHP/Movie-app/vendor/composer/ClassLoader.php(576): include('/Users/chikara/...')
#6 /Users/chikara/PHP/Movie-app/vendor/composer/ClassLoader.php(427): Composer\\Autoload\\{closure}('/Users/chikara/...')
#7 /Users/chikara/PHP/Movie-app/vendor/nunomaduro/collision/src/Adapters/Laravel/CollisionServiceProvider.php(55): Composer\\Autoload\\ClassLoader->loadClass('NunoMaduro\\\\Coll...')
#8 /Users/chikara/PHP/Movie-app/vendor/laravel/framework/src/Illuminate/Container/Container.php(908): NunoMaduro\\Collision\\Adapters\\Laravel\\CollisionServiceProvider->NunoMaduro\\Collision\\Adapters\\Laravel\\{closure}(Object(Illuminate\\Foundation\\Application), Array)
#9 /Users/chikara/PHP/Movie-app/vendor/laravel/framework/src/Illuminate/Container/Container.php(795): Illuminate\\Container\\Container->build(Object(Closure))
#10 /Users/chikara/PHP/Movie-app/vendor/laravel/framework/src/Illuminate/Foundation/Application.php(957): Illuminate\\Container\\Container->resolve('NunoMaduro\\\\Coll...', Array, true)
#11 /Users/chikara/PHP/Movie-app/vendor/laravel/framework/src/Illuminate/Container/Container.php(731): Illuminate\\Foundation\\Application->resolve('NunoMaduro\\\\Coll...', Array)
#12 /Users/chikara/PHP/Movie-app/vendor/laravel/framework/src/Illuminate/Foundation/Application.php(942): Illuminate\\Container\\Container->make('NunoMaduro\\\\Coll...', Array)
#13 /Users/chikara/PHP/Movie-app/vendor/nunomaduro/collision/src/Adapters/Laravel/ExceptionHandler.php(66): Illuminate\\Foundation\\Application->make('NunoMaduro\\\\Coll...')
#14 /Users/chikara/PHP/Movie-app/vendor/laravel/framework/src/Illuminate/Foundation/Console/Kernel.php(535): NunoMaduro\\Collision\\Adapters\\Laravel\\ExceptionHandler->renderForConsole(Object(Symfony\\Component\\Console\\Output\\ConsoleOutput), Object(ErrorException))
#15 /Users/chikara/PHP/Movie-app/vendor/laravel/framework/src/Illuminate/Foundation/Console/Kernel.php(205): Illuminate\\Foundation\\Console\\Kernel->renderException(Object(Symfony\\Component\\Console\\Output\\ConsoleOutput), Object(ErrorException))
#16 /Users/chikara/PHP/Movie-app/artisan(35): Illuminate\\Foundation\\Console\\Kernel->handle(Object(Symfony\\Component\\Console\\Input\\ArgvInput), Object(Symfony\\Component\\Console\\Output\\ConsoleOutput))
#17 {main}
"} 
[2024-01-31 02:55:40] local.ERROR: Uncaught ErrorException: include(/Users/chikara/PHP/Movie-app/vendor/composer/../filp/whoops/src/Whoops/Handler/Handler.php): Failed to open stream: No such file or directory in /Users/chikara/PHP/Movie-app/vendor/composer/ClassLoader.php:576
Stack trace:
#0 /Users/chikara/PHP/Movie-app/vendor/laravel/framework/src/Illuminate/Foundation/Bootstrap/HandleExceptions.php(255): Illuminate\Foundation\Bootstrap\HandleExceptions->handleError(2, 'include(/Users/...', '/Users/chikara/...', 576)
#1 /Users/chikara/PHP/Movie-app/vendor/composer/ClassLoader.php(576): Illuminate\Foundation\Bootstrap\HandleExceptions->Illuminate\Foundation\Bootstrap\{closure}(2, 'include(/Users/...', '/Users/chikara/...', 576)
#2 /Users/chikara/PHP/Movie-app/vendor/composer/ClassLoader.php(576): include('/Users/chikara/...')
#3 /Users/chikara/PHP/Movie-app/vendor/composer/ClassLoader.php(427): Composer\Autoload\{closure}('/Users/chikara/...')
#4 /Users/chikara/PHP/Movie-app/vendor/nunomaduro/collision/src/Handler.php(15): Composer\Autoload\ClassLoader->loadClass('Whoops\\Handler\\...')
#5 /Users/chikara/PHP/Movie-app/vendor/composer/ClassLoader.php(576): include('/Users/chikara/...')
#6 /Users/chikara/PHP/Movie-app/vendor/composer/ClassLoader.php(427): Composer\Autoload\{closure}('/Users/chikara/...')
#7 /Users/chikara/PHP/Movie-app/vendor/nunomaduro/collision/src/Adapters/Laravel/CollisionServiceProvider.php(55): Composer\Autoload\ClassLoader->loadClass('NunoMaduro\\Coll...')
#8 /Users/chikara/PHP/Movie-app/vendor/laravel/framework/src/Illuminate/Container/Container.php(908): NunoMaduro\Collision\Adapters\Laravel\CollisionServiceProvider->NunoMaduro\Collision\Adapters\Laravel\{closure}(Object(Illuminate\Foundation\Application), Array)
#9 /Users/chikara/PHP/Movie-app/vendor/laravel/framework/src/Illuminate/Container/Container.php(795): Illuminate\Container\Container->build(Object(Closure))
#10 /Users/chikara/PHP/Movie-app/vendor/laravel/framework/src/Illuminate/Foundation/Application.php(957): Illuminate\Container\Container->resolve('NunoMaduro\\Coll...', Array, true)
#11 /Users/chikara/PHP/Movie-app/vendor/laravel/framework/src/Illuminate/Container/Container.php(731): Illuminate\Foundation\Application->resolve('NunoMaduro\\Coll...', Array)
#12 /Users/chikara/PHP/Movie-app/vendor/laravel/framework/src/Illuminate/Foundation/Application.php(942): Illuminate\Container\Container->make('NunoMaduro\\Coll...', Array)
#13 /Users/chikara/PHP/Movie-app/vendor/nunomaduro/collision/src/Adapters/Laravel/ExceptionHandler.php(66): Illuminate\Foundation\Application->make('NunoMaduro\\Coll...')
#14 /Users/chikara/PHP/Movie-app/vendor/laravel/framework/src/Illuminate/Foundation/Bootstrap/HandleExceptions.php(207): NunoMaduro\Collision\Adapters\Laravel\ExceptionHandler->renderForConsole(Object(Symfony\Component\Console\Output\ConsoleOutput), Object(ErrorException))
#15 /Users/chikara/PHP/Movie-app/vendor/laravel/framework/src/Illuminate/Foundation/Bootstrap/HandleExceptions.php(189): Illuminate\Foundation\Bootstrap\HandleExceptions->renderForConsole(Object(ErrorException))
#16 /Users/chikara/PHP/Movie-app/vendor/laravel/framework/src/Illuminate/Foundation/Bootstrap/HandleExceptions.php(255): Illuminate\Foundation\Bootstrap\HandleExceptions->handleException(Object(ErrorException))
#17 [internal function]: Illuminate\Foundation\Bootstrap\HandleExceptions->Illuminate\Foundation\Bootstrap\{closure}(Object(ErrorException))
#18 {main}
  thrown {"exception":"[object] (Symfony\\Component\\ErrorHandler\\Error\\FatalError(code: 0): Uncaught ErrorException: include(/Users/chikara/PHP/Movie-app/vendor/composer/../filp/whoops/src/Whoops/Handler/Handler.php): Failed to open stream: No such file or directory in /Users/chikara/PHP/Movie-app/vendor/composer/ClassLoader.php:576
Stack trace:
#0 /Users/chikara/PHP/Movie-app/vendor/laravel/framework/src/Illuminate/Foundation/Bootstrap/HandleExceptions.php(255): Illuminate\\Foundation\\Bootstrap\\HandleExceptions->handleError(2, 'include(/Users/...', '/Users/chikara/...', 576)
#1 /Users/chikara/PHP/Movie-app/vendor/composer/ClassLoader.php(576): Illuminate\\Foundation\\Bootstrap\\HandleExceptions->Illuminate\\Foundation\\Bootstrap\\{closure}(2, 'include(/Users/...', '/Users/chikara/...', 576)
#2 /Users/chikara/PHP/Movie-app/vendor/composer/ClassLoader.php(576): include('/Users/chikara/...')
#3 /Users/chikara/PHP/Movie-app/vendor/composer/ClassLoader.php(427): Composer\\Autoload\\{closure}('/Users/chikara/...')
#4 /Users/chikara/PHP/Movie-app/vendor/nunomaduro/collision/src/Handler.php(15): Composer\\Autoload\\ClassLoader->loadClass('Whoops\\\\Handler\\\\...')
#5 /Users/chikara/PHP/Movie-app/vendor/composer/ClassLoader.php(576): include('/Users/chikara/...')
#6 /Users/chikara/PHP/Movie-app/vendor/composer/ClassLoader.php(427): Composer\\Autoload\\{closure}('/Users/chikara/...')
#7 /Users/chikara/PHP/Movie-app/vendor/nunomaduro/collision/src/Adapters/Laravel/CollisionServiceProvider.php(55): Composer\\Autoload\\ClassLoader->loadClass('NunoMaduro\\\\Coll...')
#8 /Users/chikara/PHP/Movie-app/vendor/laravel/framework/src/Illuminate/Container/Container.php(908): NunoMaduro\\Collision\\Adapters\\Laravel\\CollisionServiceProvider->NunoMaduro\\Collision\\Adapters\\Laravel\\{closure}(Object(Illuminate\\Foundation\\Application), Array)
#9 /Users/chikara/PHP/Movie-app/vendor/laravel/framework/src/Illuminate/Container/Container.php(795): Illuminate\\Container\\Container->build(Object(Closure))
#10 /Users/chikara/PHP/Movie-app/vendor/laravel/framework/src/Illuminate/Foundation/Application.php(957): Illuminate\\Container\\Container->resolve('NunoMaduro\\\\Coll...', Array, true)
#11 /Users/chikara/PHP/Movie-app/vendor/laravel/framework/src/Illuminate/Container/Container.php(731): Illuminate\\Foundation\\Application->resolve('NunoMaduro\\\\Coll...', Array)
#12 /Users/chikara/PHP/Movie-app/vendor/laravel/framework/src/Illuminate/Foundation/Application.php(942): Illuminate\\Container\\Container->make('NunoMaduro\\\\Coll...', Array)
#13 /Users/chikara/PHP/Movie-app/vendor/nunomaduro/collision/src/Adapters/Laravel/ExceptionHandler.php(66): Illuminate\\Foundation\\Application->make('NunoMaduro\\\\Coll...')
#14 /Users/chikara/PHP/Movie-app/vendor/laravel/framework/src/Illuminate/Foundation/Bootstrap/HandleExceptions.php(207): NunoMaduro\\Collision\\Adapters\\Laravel\\ExceptionHandler->renderForConsole(Object(Symfony\\Component\\Console\\Output\\ConsoleOutput), Object(ErrorException))
#15 /Users/chikara/PHP/Movie-app/vendor/laravel/framework/src/Illuminate/Foundation/Bootstrap/HandleExceptions.php(189): Illuminate\\Foundation\\Bootstrap\\HandleExceptions->renderForConsole(Object(ErrorException))
#16 /Users/chikara/PHP/Movie-app/vendor/laravel/framework/src/Illuminate/Foundation/Bootstrap/HandleExceptions.php(255): Illuminate\\Foundation\\Bootstrap\\HandleExceptions->handleException(Object(ErrorException))
#17 [internal function]: Illuminate\\Foundation\\Bootstrap\\HandleExceptions->Illuminate\\Foundation\\Bootstrap\\{closure}(Object(ErrorException))
#18 {main}
  thrown at /Users/chikara/PHP/Movie-app/vendor/composer/ClassLoader.php:576)
[stacktrace]
#0 {main}
"} 
